<?xml version="1.0" encoding="UTF-8"?>
<robot generator="Robot 5.0.1 (Python 3.10.5 on win32)" generated="20220724 00:23:35.879" rpa="false" schemaversion="3">
<suite id="s1" name="Robot Basic Assignment" source="C:\Users\USER\Desktop\robot assignment\robot_basic_assignment.robot">
<test id="s1-t1" name="Enter Form" line="12">
<kw name="Open Chrome Browser">
<kw name="Open Browser" library="Selenium2Library">
<arg>${url}</arg>
<arg>${browser}</arg>
<doc>Opens a new browser instance to the optional ``url``.</doc>
<msg timestamp="20220724 00:23:36.020" level="INFO">Opening browser 'chrome' to base url 'file:///C:/Users/USER/Desktop/ep01/ep01_small_excercise.html'.</msg>
<status status="PASS" starttime="20220724 00:23:36.020" endtime="20220724 00:23:37.292"/>
</kw>
<kw name="Maximize Browser Window" library="Selenium2Library">
<doc>Maximizes current browser window.</doc>
<status status="PASS" starttime="20220724 00:23:37.292" endtime="20220724 00:23:37.417"/>
</kw>
<status status="PASS" starttime="20220724 00:23:36.020" endtime="20220724 00:23:37.417"/>
</kw>
<kw name="Enter Username Password and Nickname">
<kw name="Input Text" library="Selenium2Library">
<arg>id=username-box</arg>
<arg>admin</arg>
<doc>Types the given ``text`` into the text field identified by ``locator``.</doc>
<msg timestamp="20220724 00:23:37.418" level="INFO">Typing text 'admin' into text field 'id=username-box'.</msg>
<status status="PASS" starttime="20220724 00:23:37.418" endtime="20220724 00:23:37.487"/>
</kw>
<kw name="Sleep" library="BuiltIn">
<arg>0.5</arg>
<doc>Pauses the test executed for the given time.</doc>
<msg timestamp="20220724 00:23:37.992" level="INFO">Slept 500 milliseconds</msg>
<status status="PASS" starttime="20220724 00:23:37.487" endtime="20220724 00:23:37.992"/>
</kw>
<kw name="Input Text" library="Selenium2Library">
<arg>xpath=//div[@v='password']/input</arg>
<arg>1234</arg>
<doc>Types the given ``text`` into the text field identified by ``locator``.</doc>
<msg timestamp="20220724 00:23:37.993" level="INFO">Typing text '1234' into text field 'xpath=//div[@v='password']/input'.</msg>
<status status="PASS" starttime="20220724 00:23:37.992" endtime="20220724 00:23:38.046"/>
</kw>
<kw name="Sleep" library="BuiltIn">
<arg>0.5</arg>
<doc>Pauses the test executed for the given time.</doc>
<msg timestamp="20220724 00:23:38.554" level="INFO">Slept 500 milliseconds</msg>
<status status="PASS" starttime="20220724 00:23:38.046" endtime="20220724 00:23:38.554"/>
</kw>
<kw name="Input Text" library="Selenium2Library">
<arg>xpath=//div//input[@doppio='nickname']</arg>
<arg>Call me</arg>
<doc>Types the given ``text`` into the text field identified by ``locator``.</doc>
<msg timestamp="20220724 00:23:38.555" level="INFO">Typing text 'Call me' into text field 'xpath=//div//input[@doppio='nickname']'.</msg>
<status status="PASS" starttime="20220724 00:23:38.554" endtime="20220724 00:23:38.614"/>
</kw>
<status status="PASS" starttime="20220724 00:23:37.417" endtime="20220724 00:23:38.614"/>
</kw>
<kw name="Select Dropdown">
<kw name="Select From List By Value" library="Selenium2Library">
<arg>xpath=//select[@id="company"]</arg>
<arg>doppio</arg>
<doc>Selects options from selection list ``locator`` by ``values``.</doc>
<msg timestamp="20220724 00:23:38.615" level="INFO">Selecting options from selection list 'xpath=//select[@id="company"]' by value doppio.</msg>
<status status="PASS" starttime="20220724 00:23:38.615" endtime="20220724 00:23:38.655"/>
</kw>
<status status="PASS" starttime="20220724 00:23:38.614" endtime="20220724 00:23:38.655"/>
</kw>
<kw name="Check on Checkbox">
<kw name="Select Checkbox" library="Selenium2Library">
<arg>id=op1</arg>
<doc>Selects the checkbox identified by ``locator``.</doc>
<msg timestamp="20220724 00:23:38.656" level="INFO">Selecting checkbox 'id=op1'.</msg>
<status status="PASS" starttime="20220724 00:23:38.656" endtime="20220724 00:23:38.703"/>
</kw>
<status status="PASS" starttime="20220724 00:23:38.655" endtime="20220724 00:23:38.703"/>
</kw>
<kw name="Click Finish Button">
<kw name="Click Element" library="Selenium2Library">
<arg>id=use-me</arg>
<doc>Click the element identified by ``locator``.</doc>
<msg timestamp="20220724 00:23:38.704" level="INFO">Clicking element 'id=use-me'.</msg>
<status status="PASS" starttime="20220724 00:23:38.704" endtime="20220724 00:23:38.737"/>
</kw>
<status status="PASS" starttime="20220724 00:23:38.703" endtime="20220724 00:23:38.737"/>
</kw>
<status status="PASS" starttime="20220724 00:23:36.019" endtime="20220724 00:23:38.737"/>
</test>
<status status="PASS" starttime="20220724 00:23:35.880" endtime="20220724 00:23:38.739"/>
</suite>
<statistics>
<total>
<stat pass="1" fail="0" skip="0">All Tests</stat>
</total>
<tag>
</tag>
<suite>
<stat pass="1" fail="0" skip="0" id="s1" name="Robot Basic Assignment">Robot Basic Assignment</stat>
</suite>
</statistics>
<errors>
</errors>
</robot>
